nohup: ignoring input
                         ncol         lon        lat  ...  stmnum  isgen  islys
dt                                                    ...                      
2005-02-01 06:00:00  297965.0  185.792728 -19.201424  ...       0   True  False
2005-02-01 12:00:00  297966.0  186.000000 -19.194777  ...       0  False  False
2005-02-01 18:00:00  296892.0  186.000000 -19.401177  ...       0  False  False
2005-02-02 00:00:00  296899.0  186.207317 -19.394232  ...       0  False  False
2005-02-02 06:00:00  296892.0  186.000000 -19.401177  ...       0  False  False
...                       ...         ...        ...  ...     ...    ...    ...
2015-01-31 00:00:00  296864.0  183.542720 -19.465540  ...    2619  False  False
2015-01-31 06:00:00  295794.0  184.500000 -20.192625  ...    2619  False  False
2015-01-31 12:00:00  294730.0  185.457318 -20.913062  ...    2619  False  False
2015-01-31 18:00:00  293661.0  186.750000 -21.613181  ...    2619  False  False
2015-02-01 00:00:00  293671.0  187.707331 -22.110811  ...    2619  False   True

[58656 rows x 14 columns]

 0012-08-15 00:00:00 *h1i.0012-08-15-00000*
['/glade/campaign/univ/upsu0032/jpan_aquaptc/b.e23.BMOM.ne120np4_sx0.66av1.aqua.production.250417_ctrl/atm/hist/b.e23.BMOM.ne120np4_sx0.66av1.aqua.production.250417_ctrl.cam.h1i.0012-08-15-00000.nc']
[]
1968 125.792789 13.963628
<xarray.UxDataArray 'TC_R4' (n_face: 10794)> Size: 86kB
[10794 values with dtype=float64]
Coordinates:
    time     object 8B 0012-08-15 00:00:00
Dimensions without coordinates: n_face
1.0 0.0
	 UBOT
	 VBOT
	 PRECT
	 OMEGA500
	 PS

 0012-12-08 18:00:00 *h1i.0012-12-08-64800*
['/glade/campaign/univ/upsu0032/jpan_aquaptc/b.e23.BMOM.ne120np4_sx0.66av1.aqua.production.250417_ctrl/atm/hist/b.e23.BMOM.ne120np4_sx0.66av1.aqua.production.250417_ctrl.cam.h1i.0012-12-08-64800.nc']
[]
2015 183.957303 15.172711
<xarray.UxDataArray 'TC_R4' (n_face: 9084)> Size: 73kB
[9084 values with dtype=float64]
Coordinates:
    time     object 8B 0012-12-08 18:00:00
Dimensions without coordinates: n_face
1.0 0.0
	 UBOT
	 VBOT
	 PRECT
	 OMEGA500
	 PS

 0012-03-14 18:00:00 *h1i.0012-03-14-64800*
['/glade/campaign/univ/upsu0032/jpan_aquaptc/b.e23.BMOM.ne120np4_sx0.66av1.aqua.production.250417_ctrl/atm/hist/b.e23.BMOM.ne120np4_sx0.66av1.aqua.production.250417_ctrl.cam.h1i.0012-03-14-64800.nc']
[]
1877 203.792777 -16.557474
<xarray.UxDataArray 'TC_R4' (n_face: 9751)> Size: 78kB
[9751 values with dtype=float64]
Coordinates:
    time     object 8B 0012-03-14 18:00:00
Dimensions without coordinates: n_face
1.0 0.0
	 UBOT
	 VBOT
	 PRECT
	 OMEGA500
	 PS

 0012-06-11 06:00:00 *h1i.0012-06-11-21600*
['/glade/campaign/univ/upsu0032/jpan_aquaptc/b.e23.BMOM.ne120np4_sx0.66av1.aqua.production.250417_ctrl/atm/hist/b.e23.BMOM.ne120np4_sx0.66av1.aqua.production.250417_ctrl.cam.h1i.0012-06-11-21600.nc']
[]
1919 199.5 13.463248
<xarray.UxDataArray 'TC_R4' (n_face: 9544)> Size: 76kB
[9544 values with dtype=float64]
Coordinates:
    time     object 8B 0012-06-11 06:00:00
Dimensions without coordinates: n_face
1.0 0.0
	 UBOT
	 VBOT
	 PRECT
	 OMEGA500
	 PS

 0012-02-06 06:00:00 *h1i.0012-02-06-21600*
['/glade/campaign/univ/upsu0032/jpan_aquaptc/b.e23.BMOM.ne120np4_sx0.66av1.aqua.production.250417_ctrl/atm/hist/b.e23.BMOM.ne120np4_sx0.66av1.aqua.production.250417_ctrl.cam.h1i.0012-02-06-21600.nc']
[]
1851 170.25 6.653384
<xarray.UxDataArray 'TC_R4' (n_face: 9231)> Size: 74kB
[9231 values with dtype=float64]
Coordinates:
    time     object 8B 0012-02-06 06:00:00
Dimensions without coordinates: n_face
1.0 0.0
	 UBOT
	 VBOT
	 PRECT
	 OMEGA500
	 PS

 0012-01-07 06:00:00 *h1i.0012-01-07-21600*
['/glade/campaign/univ/upsu0032/jpan_aquaptc/b.e23.BMOM.ne120np4_sx0.66av1.aqua.production.250417_ctrl/atm/hist/b.e23.BMOM.ne120np4_sx0.66av1.aqua.production.250417_ctrl.cam.h1i.0012-01-07-21600.nc']
[]
1825 297.75 9.798894
<xarray.UxDataArray 'TC_R4' (n_face: 10193)> Size: 82kB
[10193 values with dtype=float64]
Coordinates:
    time     object 8B 0012-01-07 06:00:00
Dimensions without coordinates: n_face
1.0 0.0
	 UBOT
	 VBOT
	 PRECT
	 OMEGA500
	 PS

 0012-08-27 06:00:00 *h1i.0012-08-27-21600*
['/glade/campaign/univ/upsu0032/jpan_aquaptc/b.e23.BMOM.ne120np4_sx0.66av1.aqua.production.250417_ctrl/atm/hist/b.e23.BMOM.ne120np4_sx0.66av1.aqua.production.250417_ctrl.cam.h1i.0012-08-27-21600.nc']
[]
1976 54.957125 20.498512
<xarray.UxDataArray 'TC_R4' (n_face: 10401)> Size: 83kB
[10401 values with dtype=float64]
Coordinates:
    time     object 8B 0012-08-27 06:00:00
Dimensions without coordinates: n_face
1.0 0.0
	 UBOT
	 VBOT
	 PRECT
	 OMEGA500
	 PS

 0012-05-17 18:00:00 *h1i.0012-05-17-64800*
['/glade/campaign/univ/upsu0032/jpan_aquaptc/b.e23.BMOM.ne120np4_sx0.66av1.aqua.production.250417_ctrl/atm/hist/b.e23.BMOM.ne120np4_sx0.66av1.aqua.production.250417_ctrl.cam.h1i.0012-05-17-64800.nc']
[]
1908 117.75 -12.667198
<xarray.UxDataArray 'TC_R4' (n_face: 10105)> Size: 81kB
[10105 values with dtype=float64]
Coordinates:
    time     object 8B 0012-05-17 18:00:00
Dimensions without coordinates: n_face
1.0 0.0
	 UBOT
	 VBOT
	 PRECT
	 OMEGA500
	 PS

 0012-06-05 18:00:00 *h1i.0012-06-05-64800*
['/glade/campaign/univ/upsu0032/jpan_aquaptc/b.e23.BMOM.ne120np4_sx0.66av1.aqua.production.250417_ctrl/atm/hist/b.e23.BMOM.ne120np4_sx0.66av1.aqua.production.250417_ctrl.cam.h1i.0012-06-05-64800.nc']
[]
1920 171.957278 -13.372006
<xarray.UxDataArray 'TC_R4' (n_face: 9190)> Size: 74kB
[9190 values with dtype=float64]
Coordinates:
    time     object 8B 0012-06-05 18:00:00
Dimensions without coordinates: n_face
1.0 0.0
	 UBOT
	 VBOT
	 PRECT
	 OMEGA500
	 PS

 0012-01-31 12:00:00 *h1i.0012-01-31-43200*
['/glade/campaign/univ/upsu0032/jpan_aquaptc/b.e23.BMOM.ne120np4_sx0.66av1.aqua.production.250417_ctrl/atm/hist/b.e23.BMOM.ne120np4_sx0.66av1.aqua.production.250417_ctrl.cam.h1i.0012-01-31-43200.nc']
[]
1848 125.042856 -19.200763
<xarray.UxDataArray 'TC_R4' (n_face: 10472)> Size: 84kB
[10472 values with dtype=float64]
Coordinates:
    time     object 8B 0012-01-31 12:00:00
Dimensions without coordinates: n_face
1.0 0.0
	 UBOT
	 VBOT
	 PRECT
	 OMEGA500
	 PS

 0012-01-13 12:00:00 *h1i.0012-01-13-43200*
['/glade/campaign/univ/upsu0032/jpan_aquaptc/b.e23.BMOM.ne120np4_sx0.66av1.aqua.production.250417_ctrl/atm/hist/b.e23.BMOM.ne120np4_sx0.66av1.aqua.production.250417_ctrl.cam.h1i.0012-01-13-43200.nc']
[]
1833 33.0 8.835261
<xarray.UxDataArray 'TC_R4' (n_face: 10717)> Size: 86kB
[10717 values with dtype=float64]
Coordinates:
    time     object 8B 0012-01-13 12:00:00
Dimensions without coordinates: n_face
1.0 0.0
	 UBOT
	 VBOT
	 PRECT
	 OMEGA500
	 PS

 0012-05-31 18:00:00 *h1i.0012-05-31-64800*
['/glade/campaign/univ/upsu0032/jpan_aquaptc/b.e23.BMOM.ne120np4_sx0.66av1.aqua.production.250417_ctrl/atm/hist/b.e23.BMOM.ne120np4_sx0.66av1.aqua.production.250417_ctrl.cam.h1i.0012-05-31-64800.nc']
[]
1916 159.75 -9.157904
<xarray.UxDataArray 'TC_R4' (n_face: 9642)> Size: 77kB
[9642 values with dtype=float64]
Coordinates:
    time     object 8B 0012-05-31 18:00:00
Dimensions without coordinates: n_face
1.0 0.0
	 UBOT
	 VBOT
	 PRECT
	 OMEGA500
	 PS

 0012-12-18 18:00:00 *h1i.0012-12-18-64800*
['/glade/campaign/univ/upsu0032/jpan_aquaptc/b.e23.BMOM.ne120np4_sx0.66av1.aqua.production.250417_ctrl/atm/hist/b.e23.BMOM.ne120np4_sx0.66av1.aqua.production.250417_ctrl.cam.h1i.0012-12-18-64800.nc']
[]
2032 269.25 7.706641
<xarray.UxDataArray 'TC_R4' (n_face: 9057)> Size: 72kB
[9057 values with dtype=float64]
Coordinates:
    time     object 8B 0012-12-18 18:00:00
Dimensions without coordinates: n_face
1.0 0.0
	 UBOT
	 VBOT
	 PRECT
	 OMEGA500
	 PS

 0012-10-23 12:00:00 *h1i.0012-10-23-43200*
['/glade/campaign/univ/upsu0032/jpan_aquaptc/b.e23.BMOM.ne120np4_sx0.66av1.aqua.production.250417_ctrl/atm/hist/b.e23.BMOM.ne120np4_sx0.66av1.aqua.production.250417_ctrl.cam.h1i.0012-10-23-43200.nc']
[]
1992 202.707582 -36.22879
<xarray.UxDataArray 'TC_R4' (n_face: 9053)> Size: 72kB
[9053 values with dtype=float64]
Coordinates:
    time     object 8B 0012-10-23 12:00:00
Dimensions without coordinates: n_face
1.0 0.0
	 UBOT
	 VBOT
	 PRECT
	 OMEGA500
	 PS

 0012-04-09 00:00:00 *h1i.0012-04-09-00000*
['/glade/campaign/univ/upsu0032/jpan_aquaptc/b.e23.BMOM.ne120np4_sx0.66av1.aqua.production.250417_ctrl/atm/hist/b.e23.BMOM.ne120np4_sx0.66av1.aqua.production.250417_ctrl.cam.h1i.0012-04-09-00000.nc']
[]
1888 253.292676 13.149209
<xarray.UxDataArray 'TC_R4' (n_face: 9417)> Size: 75kB
[9417 values with dtype=float64]
Coordinates:
    time     object 8B 0012-04-09 00:00:00
Dimensions without coordinates: n_face
1.0 0.0
	 UBOT
	 VBOT
	 PRECT
	 OMEGA500
	 PS

 0012-09-01 18:00:00 *h1i.0012-09-01-64800*
['/glade/campaign/univ/upsu0032/jpan_aquaptc/b.e23.BMOM.ne120np4_sx0.66av1.aqua.production.250417_ctrl/atm/hist/b.e23.BMOM.ne120np4_sx0.66av1.aqua.production.250417_ctrl.cam.h1i.0012-09-01-64800.nc']
[]
1981 162.207279 -8.576072
<xarray.UxDataArray 'TC_R4' (n_face: 9511)> Size: 76kB
[9511 values with dtype=float64]
Coordinates:
    time     object 8B 0012-09-01 18:00:00
Dimensions without coordinates: n_face
1.0 0.0
	 UBOT
	 VBOT
	 PRECT
	 OMEGA500
	 PS

 0012-03-07 18:00:00 *h1i.0012-03-07-64800*
['/glade/campaign/univ/upsu0032/jpan_aquaptc/b.e23.BMOM.ne120np4_sx0.66av1.aqua.production.250417_ctrl/atm/hist/b.e23.BMOM.ne120np4_sx0.66av1.aqua.production.250417_ctrl.cam.h1i.0012-03-07-64800.nc']
[]
1871 117.207373 -16.305965
<xarray.UxDataArray 'TC_R4' (n_face: 9980)> Size: 80kB
[9980 values with dtype=float64]
Coordinates:
    time     object 8B 0012-03-07 18:00:00
Dimensions without coordinates: n_face
1.0 0.0
	 UBOT
	 VBOT
	 PRECT
	 OMEGA500
	 PS

 0012-06-14 12:00:00 *h1i.0012-06-14-43200*
['/glade/campaign/univ/upsu0032/jpan_aquaptc/b.e23.BMOM.ne120np4_sx0.66av1.aqua.production.250417_ctrl/atm/hist/b.e23.BMOM.ne120np4_sx0.66av1.aqua.production.250417_ctrl.cam.h1i.0012-06-14-43200.nc']
[]
1926 358.707291 11.454454
<xarray.UxDataArray 'TC_R4' (n_face: 9064)> Size: 73kB
[9064 values with dtype=float64]
Coordinates:
    time     object 8B 0012-06-14 12:00:00
Dimensions without coordinates: n_face
1.0 0.0
	 UBOT
	 VBOT
	 PRECT
	 OMEGA500
	 PS

 0012-12-08 00:00:00 *h1i.0012-12-08-00000*
['/glade/campaign/univ/upsu0032/jpan_aquaptc/b.e23.BMOM.ne120np4_sx0.66av1.aqua.production.250417_ctrl/atm/hist/b.e23.BMOM.ne120np4_sx0.66av1.aqua.production.250417_ctrl.cam.h1i.0012-12-08-00000.nc']
[]
2022 153.0 -9.377099
<xarray.UxDataArray 'TC_R4' (n_face: 10113)> Size: 81kB
[10113 values with dtype=float64]
Coordinates:
    time     object 8B 0012-12-08 00:00:00
Dimensions without coordinates: n_face
1.0 0.0
	 UBOT
	 VBOT
	 PRECT
	 OMEGA500
	 PS

 0012-04-09 18:00:00 *h1i.0012-04-09-64800*
['/glade/campaign/univ/upsu0032/jpan_aquaptc/b.e23.BMOM.ne120np4_sx0.66av1.aqua.production.250417_ctrl/atm/hist/b.e23.BMOM.ne120np4_sx0.66av1.aqua.production.250417_ctrl.cam.h1i.0012-04-09-64800.nc']
[]
1889 266.792679 -29.418852
<xarray.UxDataArray 'TC_R4' (n_face: 9062)> Size: 72kB
[9062 values with dtype=float64]
Coordinates:
    time     object 8B 0012-04-09 18:00:00
Dimensions without coordinates: n_face
1.0 0.0
	 UBOT
	 VBOT
	 PRECT
	 OMEGA500
	 PS

 0012-12-24 12:00:00 *h1i.0012-12-24-43200*
['/glade/campaign/univ/upsu0032/jpan_aquaptc/b.e23.BMOM.ne120np4_sx0.66av1.aqua.production.250417_ctrl/atm/hist/b.e23.BMOM.ne120np4_sx0.66av1.aqua.production.250417_ctrl.cam.h1i.0012-12-24-43200.nc']
[]
2035 229.707152 16.925321
<xarray.UxDataArray 'TC_R4' (n_face: 10882)> Size: 87kB
[10882 values with dtype=float64]
Coordinates:
    time     object 8B 0012-12-24 12:00:00
Dimensions without coordinates: n_face
1.0 0.0
	 UBOT
	 VBOT
	 PRECT
	 OMEGA500
	 PS

 0012-06-04 06:00:00 *h1i.0012-06-04-21600*
['/glade/campaign/univ/upsu0032/jpan_aquaptc/b.e23.BMOM.ne120np4_sx0.66av1.aqua.production.250417_ctrl/atm/hist/b.e23.BMOM.ne120np4_sx0.66av1.aqua.production.250417_ctrl.cam.h1i.0012-06-04-21600.nc']
[]
1921 159.95727 -10.388986
<xarray.UxDataArray 'TC_R4' (n_face: 9635)> Size: 77kB
[9635 values with dtype=float64]
Coordinates:
    time     object 8B 0012-06-04 06:00:00
Dimensions without coordinates: n_face
1.0 0.0
	 UBOT
	 VBOT
	 PRECT
	 OMEGA500
	 PS

 0012-06-21 18:00:00 *h1i.0012-06-21-64800*
['/glade/campaign/univ/upsu0032/jpan_aquaptc/b.e23.BMOM.ne120np4_sx0.66av1.aqua.production.250417_ctrl/atm/hist/b.e23.BMOM.ne120np4_sx0.66av1.aqua.production.250417_ctrl.cam.h1i.0012-06-21-64800.nc']
[]
1932 39.957395 14.419221
<xarray.UxDataArray 'TC_R4' (n_face: 11018)> Size: 88kB
[11018 values with dtype=float64]
Coordinates:
    time     object 8B 0012-06-21 18:00:00
Dimensions without coordinates: n_face
1.0 0.0
	 UBOT
	 VBOT
	 PRECT
	 OMEGA500
	 PS

 0012-09-10 00:00:00 *h1i.0012-09-10-00000*
['/glade/campaign/univ/upsu0032/jpan_aquaptc/b.e23.BMOM.ne120np4_sx0.66av1.aqua.production.250417_ctrl/atm/hist/b.e23.BMOM.ne120np4_sx0.66av1.aqua.production.250417_ctrl.cam.h1i.0012-09-10-00000.nc']
[]
1974 134.380444 61.502109
<xarray.UxDataArray 'TC_R4' (n_face: 4751)> Size: 38kB
[4751 values with dtype=float64]
Coordinates:
    time     object 8B 0012-09-10 00:00:00
Dimensions without coordinates: n_face
1.0 0.0
	 UBOT
	 VBOT
	 PRECT
	 OMEGA500
	 PS

 0012-07-29 00:00:00 *h1i.0012-07-29-00000*
['/glade/campaign/univ/upsu0032/jpan_aquaptc/b.e23.BMOM.ne120np4_sx0.66av1.aqua.production.250417_ctrl/atm/hist/b.e23.BMOM.ne120np4_sx0.66av1.aqua.production.250417_ctrl.cam.h1i.0012-07-29-00000.nc']
[]
1952 100.292717 -9.596041
<xarray.UxDataArray 'TC_R4' (n_face: 9226)> Size: 74kB
[9226 values with dtype=float64]
Coordinates:
    time     object 8B 0012-07-29 00:00:00
Dimensions without coordinates: n_face
1.0 0.0
	 UBOT
	 VBOT
	 PRECT
	 OMEGA500
	 PS

 0012-05-19 06:00:00 *h1i.0012-05-19-21600*
['/glade/campaign/univ/upsu0032/jpan_aquaptc/b.e23.BMOM.ne120np4_sx0.66av1.aqua.production.250417_ctrl/atm/hist/b.e23.BMOM.ne120np4_sx0.66av1.aqua.production.250417_ctrl.cam.h1i.0012-05-19-21600.nc']
[]
1905 225.207045 -20.906951
<xarray.UxDataArray 'TC_R4' (n_face: 10689)> Size: 86kB
[10689 values with dtype=float64]
Coordinates:
    time     object 8B 0012-05-19 06:00:00
Dimensions without coordinates: n_face
1.0 0.0
	 UBOT
	 VBOT
	 PRECT
	 OMEGA500
	 PS

 0012-07-21 00:00:00 *h1i.0012-07-21-00000*
['/glade/campaign/univ/upsu0032/jpan_aquaptc/b.e23.BMOM.ne120np4_sx0.66av1.aqua.production.250417_ctrl/atm/hist/b.e23.BMOM.ne120np4_sx0.66av1.aqua.production.250417_ctrl.cam.h1i.0012-07-21-00000.nc']
[]
1945 170.25 -11.2961
<xarray.UxDataArray 'TC_R4' (n_face: 9220)> Size: 74kB
[9220 values with dtype=float64]
Coordinates:
    time     object 8B 0012-07-21 00:00:00
Dimensions without coordinates: n_face
1.0 0.0
	 UBOT
	 VBOT
	 PRECT
	 OMEGA500
	 PS

 0012-08-26 18:00:00 *h1i.0012-08-26-64800*
['/glade/campaign/univ/upsu0032/jpan_aquaptc/b.e23.BMOM.ne120np4_sx0.66av1.aqua.production.250417_ctrl/atm/hist/b.e23.BMOM.ne120np4_sx0.66av1.aqua.production.250417_ctrl.cam.h1i.0012-08-26-64800.nc']
[]
1977 69.75 20.718737
<xarray.UxDataArray 'TC_R4' (n_face: 9500)> Size: 76kB
[9500 values with dtype=float64]
Coordinates:
    time     object 8B 0012-08-26 18:00:00
Dimensions without coordinates: n_face
1.0 0.0
	 UBOT
	 VBOT
	 PRECT
	 OMEGA500
	 PS

 0012-08-04 18:00:00 *h1i.0012-08-04-64800*
['/glade/campaign/univ/upsu0032/jpan_aquaptc/b.e23.BMOM.ne120np4_sx0.66av1.aqua.production.250417_ctrl/atm/hist/b.e23.BMOM.ne120np4_sx0.66av1.aqua.production.250417_ctrl.cam.h1i.0012-08-04-64800.nc']
[]
1959 178.707291 13.289444
<xarray.UxDataArray 'TC_R4' (n_face: 9089)> Size: 73kB
[9089 values with dtype=float64]
Coordinates:
    time     object 8B 0012-08-04 18:00:00
Dimensions without coordinates: n_face
1.0 0.0
	 UBOT
	 VBOT
	 PRECT
	 OMEGA500
	 PS

 0012-07-21 06:00:00 *h1i.0012-07-21-21600*
['/glade/campaign/univ/upsu0032/jpan_aquaptc/b.e23.BMOM.ne120np4_sx0.66av1.aqua.production.250417_ctrl/atm/hist/b.e23.BMOM.ne120np4_sx0.66av1.aqua.production.250417_ctrl.cam.h1i.0012-07-21-21600.nc']
[]
1948 54.20727 -7.320782
<xarray.UxDataArray 'TC_R4' (n_face: 11039)> Size: 88kB
[11039 values with dtype=float64]
Coordinates:
    time     object 8B 0012-07-21 06:00:00
Dimensions without coordinates: n_face
1.0 0.0
	 UBOT
	 VBOT
	 PRECT
	 OMEGA500
	 PS

 0012-12-05 00:00:00 *h1i.0012-12-05-00000*
['/glade/campaign/univ/upsu0032/jpan_aquaptc/b.e23.BMOM.ne120np4_sx0.66av1.aqua.production.250417_ctrl/atm/hist/b.e23.BMOM.ne120np4_sx0.66av1.aqua.production.250417_ctrl.cam.h1i.0012-12-05-00000.nc']
[]
2013 62.792637 15.24998
<xarray.UxDataArray 'TC_R4' (n_face: 10013)> Size: 80kB
[10013 values with dtype=float64]
Coordinates:
    time     object 8B 0012-12-05 00:00:00
Dimensions without coordinates: n_face
1.0 0.0
	 UBOT
	 VBOT
	 PRECT
	 OMEGA500
	 PS

 0012-09-13 00:00:00 *h1i.0012-09-13-00000*
['/glade/campaign/univ/upsu0032/jpan_aquaptc/b.e23.BMOM.ne120np4_sx0.66av1.aqua.production.250417_ctrl/atm/hist/b.e23.BMOM.ne120np4_sx0.66av1.aqua.production.250417_ctrl.cam.h1i.0012-09-13-00000.nc']
[]
1986 82.5 -10.206516
<xarray.UxDataArray 'TC_R4' (n_face: 9137)> Size: 73kB
[9137 values with dtype=float64]
Coordinates:
    time     object 8B 0012-09-13 00:00:00
Dimensions without coordinates: n_face
1.0 0.0
	 UBOT
	 VBOT
	 PRECT
	 OMEGA500
	 PS

 0012-11-16 12:00:00 *h1i.0012-11-16-43200*
['/glade/campaign/univ/upsu0032/jpan_aquaptc/b.e23.BMOM.ne120np4_sx0.66av1.aqua.production.250417_ctrl/atm/hist/b.e23.BMOM.ne120np4_sx0.66av1.aqua.production.250417_ctrl.cam.h1i.0012-11-16-43200.nc']
[]
2000 99.75 -11.091563
<xarray.UxDataArray 'TC_R4' (n_face: 9220)> Size: 74kB
[9220 values with dtype=float64]
Coordinates:
    time     object 8B 0012-11-16 12:00:00
Dimensions without coordinates: n_face
1.0 0.0
	 UBOT
	 VBOT
	 PRECT
	 OMEGA500
	 PS

 0012-06-18 18:00:00 *h1i.0012-06-18-64800*
['/glade/campaign/univ/upsu0032/jpan_aquaptc/b.e23.BMOM.ne120np4_sx0.66av1.aqua.production.250417_ctrl/atm/hist/b.e23.BMOM.ne120np4_sx0.66av1.aqua.production.250417_ctrl.cam.h1i.0012-06-18-64800.nc']
[]
1931 63.75 -9.250682
<xarray.UxDataArray 'TC_R4' (n_face: 10058)> Size: 80kB
[10058 values with dtype=float64]
Coordinates:
    time     object 8B 0012-06-18 18:00:00
Dimensions without coordinates: n_face
1.0 0.0
	 UBOT
	 VBOT
	 PRECT
	 OMEGA500
	 PS

 0012-04-04 06:00:00 *h1i.0012-04-04-21600*
['/glade/campaign/univ/upsu0032/jpan_aquaptc/b.e23.BMOM.ne120np4_sx0.66av1.aqua.production.250417_ctrl/atm/hist/b.e23.BMOM.ne120np4_sx0.66av1.aqua.production.250417_ctrl.cam.h1i.0012-04-04-21600.nc']
[]
1887 191.25 8.297083
<xarray.UxDataArray 'TC_R4' (n_face: 9277)> Size: 74kB
[9277 values with dtype=float64]
Coordinates:
    time     object 8B 0012-04-04 06:00:00
Dimensions without coordinates: n_face
1.0 0.0
	 UBOT
	 VBOT
	 PRECT
	 OMEGA500
	 PS

 0012-12-06 12:00:00 *h1i.0012-12-06-43200*
['/glade/campaign/univ/upsu0032/jpan_aquaptc/b.e23.BMOM.ne120np4_sx0.66av1.aqua.production.250417_ctrl/atm/hist/b.e23.BMOM.ne120np4_sx0.66av1.aqua.production.250417_ctrl.cam.h1i.0012-12-06-43200.nc']
[]
2018 222.542858 16.807866
<xarray.UxDataArray 'TC_R4' (n_face: 10948)> Size: 88kB
[10948 values with dtype=float64]
Coordinates:
    time     object 8B 0012-12-06 12:00:00
Dimensions without coordinates: n_face
1.0 0.0
	 UBOT
	 VBOT
	 PRECT
	 OMEGA500
	 PS

 0012-11-05 00:00:00 *h1i.0012-11-05-00000*
['/glade/campaign/univ/upsu0032/jpan_aquaptc/b.e23.BMOM.ne120np4_sx0.66av1.aqua.production.250417_ctrl/atm/hist/b.e23.BMOM.ne120np4_sx0.66av1.aqua.production.250417_ctrl.cam.h1i.0012-11-05-00000.nc']
[]
1995 108.894249 -47.171919
<xarray.UxDataArray 'TC_R4' (n_face: 7730)> Size: 62kB
[7730 values with dtype=float64]
Coordinates:
    time     object 8B 0012-11-05 00:00:00
Dimensions without coordinates: n_face
1.0 0.0
	 UBOT
	 VBOT
	 PRECT
	 OMEGA500
	 PS

 0012-06-23 18:00:00 *h1i.0012-06-23-64800*
['/glade/campaign/univ/upsu0032/jpan_aquaptc/b.e23.BMOM.ne120np4_sx0.66av1.aqua.production.250417_ctrl/atm/hist/b.e23.BMOM.ne120np4_sx0.66av1.aqua.production.250417_ctrl.cam.h1i.0012-06-23-64800.nc']
[]
1935 27.207328 -10.704807
<xarray.UxDataArray 'TC_R4' (n_face: 10105)> Size: 81kB
[10105 values with dtype=float64]
Coordinates:
    time     object 8B 0012-06-23 18:00:00
Dimensions without coordinates: n_face
1.0 0.0
	 UBOT
	 VBOT
	 PRECT
	 OMEGA500
	 PS

 0012-12-09 18:00:00 *h1i.0012-12-09-64800*
['/glade/campaign/univ/upsu0032/jpan_aquaptc/b.e23.BMOM.ne120np4_sx0.66av1.aqua.production.250417_ctrl/atm/hist/b.e23.BMOM.ne120np4_sx0.66av1.aqua.production.250417_ctrl.cam.h1i.0012-12-09-64800.nc']
[]
2021 113.25 13.83057
<xarray.UxDataArray 'TC_R4' (n_face: 9775)> Size: 78kB
[9775 values with dtype=float64]
Coordinates:
    time     object 8B 0012-12-09 18:00:00
Dimensions without coordinates: n_face
1.0 0.0
	 UBOT
	 VBOT
	 PRECT
	 OMEGA500
	 PS

 0012-05-02 06:00:00 *h1i.0012-05-02-21600*
['/glade/campaign/univ/upsu0032/jpan_aquaptc/b.e23.BMOM.ne120np4_sx0.66av1.aqua.production.250417_ctrl/atm/hist/b.e23.BMOM.ne120np4_sx0.66av1.aqua.production.250417_ctrl.cam.h1i.0012-05-02-21600.nc']
[]
1897 171.957265 -18.783975
<xarray.UxDataArray 'TC_R4' (n_face: 9135)> Size: 73kB
[9135 values with dtype=float64]
Coordinates:
    time     object 8B 0012-05-02 06:00:00
Dimensions without coordinates: n_face
1.0 0.0
	 UBOT
	 VBOT
	 PRECT
	 OMEGA500
	 PS

 0012-09-01 18:00:00 *h1i.0012-09-01-64800*
['/glade/campaign/univ/upsu0032/jpan_aquaptc/b.e23.BMOM.ne120np4_sx0.66av1.aqua.production.250417_ctrl/atm/hist/b.e23.BMOM.ne120np4_sx0.66av1.aqua.production.250417_ctrl.cam.h1i.0012-09-01-64800.nc']
[]
1980 355.707272 22.650035
<xarray.UxDataArray 'TC_R4' (n_face: 9078)> Size: 73kB
[9078 values with dtype=float64]
Coordinates:
    time     object 8B 0012-09-01 18:00:00
Dimensions without coordinates: n_face
1.0 0.0
	 UBOT
	 VBOT
	 PRECT
	 OMEGA500
	 PS

 0012-06-13 18:00:00 *h1i.0012-06-13-64800*
['/glade/campaign/univ/upsu0032/jpan_aquaptc/b.e23.BMOM.ne120np4_sx0.66av1.aqua.production.250417_ctrl/atm/hist/b.e23.BMOM.ne120np4_sx0.66av1.aqua.production.250417_ctrl.cam.h1i.0012-06-13-64800.nc']
[]
1924 212.25 -16.018027
<xarray.UxDataArray 'TC_R4' (n_face: 10404)> Size: 83kB
[10404 values with dtype=float64]
Coordinates:
    time     object 8B 0012-06-13 18:00:00
Dimensions without coordinates: n_face
1.0 0.0
	 UBOT
	 VBOT
	 PRECT
	 OMEGA500
	 PS

 0012-06-30 06:00:00 *h1i.0012-06-30-21600*
['/glade/campaign/univ/upsu0032/jpan_aquaptc/b.e23.BMOM.ne120np4_sx0.66av1.aqua.production.250417_ctrl/atm/hist/b.e23.BMOM.ne120np4_sx0.66av1.aqua.production.250417_ctrl.cam.h1i.0012-06-30-21600.nc']
[]
1942 201.542726 -9.080666
<xarray.UxDataArray 'TC_R4' (n_face: 9735)> Size: 78kB
[9735 values with dtype=float64]
Coordinates:
    time     object 8B 0012-06-30 06:00:00
Dimensions without coordinates: n_face
1.0 0.0
	 UBOT
	 VBOT
	 PRECT
	 OMEGA500
	 PS

 0012-12-16 00:00:00 *h1i.0012-12-16-00000*
['/glade/campaign/univ/upsu0032/jpan_aquaptc/b.e23.BMOM.ne120np4_sx0.66av1.aqua.production.250417_ctrl/atm/hist/b.e23.BMOM.ne120np4_sx0.66av1.aqua.production.250417_ctrl.cam.h1i.0012-12-16-00000.nc']
[]
2027 201.207323 11.403046
<xarray.UxDataArray 'TC_R4' (n_face: 9640)> Size: 77kB
[9640 values with dtype=float64]
Coordinates:
    time     object 8B 0012-12-16 00:00:00
Dimensions without coordinates: n_face
1.0 0.0
	 UBOT
	 VBOT
	 PRECT
	 OMEGA500
	 PS

 0012-12-02 18:00:00 *h1i.0012-12-02-64800*
['/glade/campaign/univ/upsu0032/jpan_aquaptc/b.e23.BMOM.ne120np4_sx0.66av1.aqua.production.250417_ctrl/atm/hist/b.e23.BMOM.ne120np4_sx0.66av1.aqua.production.250417_ctrl.cam.h1i.0012-12-02-64800.nc']
[]
2013 75.75 14.030315
<xarray.UxDataArray 'TC_R4' (n_face: 9350)> Size: 75kB
[9350 values with dtype=float64]
Coordinates:
    time     object 8B 0012-12-02 18:00:00
Dimensions without coordinates: n_face
1.0 0.0
	 UBOT
	 VBOT
	 PRECT
	 OMEGA500
	 PS

 0012-01-11 12:00:00 *h1i.0012-01-11-43200*
['/glade/campaign/univ/upsu0032/jpan_aquaptc/b.e23.BMOM.ne120np4_sx0.66av1.aqua.production.250417_ctrl/atm/hist/b.e23.BMOM.ne120np4_sx0.66av1.aqua.production.250417_ctrl.cam.h1i.0012-01-11-43200.nc']
[]
1826 297.75 22.194717
<xarray.UxDataArray 'TC_R4' (n_face: 9833)> Size: 79kB
[9833 values with dtype=float64]
Coordinates:
    time     object 8B 0012-01-11 12:00:00
Dimensions without coordinates: n_face
1.0 0.0
	 UBOT
	 VBOT
	 PRECT
	 OMEGA500
	 PS

 0012-09-03 00:00:00 *h1i.0012-09-03-00000*
['/glade/campaign/univ/upsu0032/jpan_aquaptc/b.e23.BMOM.ne120np4_sx0.66av1.aqua.production.250417_ctrl/atm/hist/b.e23.BMOM.ne120np4_sx0.66av1.aqua.production.250417_ctrl.cam.h1i.0012-09-03-00000.nc']
[]
1981 154.5 -7.455849
<xarray.UxDataArray 'TC_R4' (n_face: 10020)> Size: 80kB
[10020 values with dtype=float64]
Coordinates:
    time     object 8B 0012-09-03 00:00:00
Dimensions without coordinates: n_face
1.0 0.0
	 UBOT
	 VBOT
	 PRECT
	 OMEGA500
	 PS

 0012-05-15 18:00:00 *h1i.0012-05-15-64800*
['/glade/campaign/univ/upsu0032/jpan_aquaptc/b.e23.BMOM.ne120np4_sx0.66av1.aqua.production.250417_ctrl/atm/hist/b.e23.BMOM.ne120np4_sx0.66av1.aqua.production.250417_ctrl.cam.h1i.0012-05-15-64800.nc']
[]
1905 225.542609 -13.057115
<xarray.UxDataArray 'TC_R4' (n_face: 11228)> Size: 90kB
[11228 values with dtype=float64]
Coordinates:
    time     object 8B 0012-05-15 18:00:00
Dimensions without coordinates: n_face
1.0 0.0
	 UBOT
	 VBOT
	 PRECT
	 OMEGA500
	 PS

 0012-12-20 00:00:00 *h1i.0012-12-20-00000*
['/glade/campaign/univ/upsu0032/jpan_aquaptc/b.e23.BMOM.ne120np4_sx0.66av1.aqua.production.250417_ctrl/atm/hist/b.e23.BMOM.ne120np4_sx0.66av1.aqua.production.250417_ctrl.cam.h1i.0012-12-20-00000.nc']
[]
2030 202.5 13.398078
<xarray.UxDataArray 'TC_R4' (n_face: 9723)> Size: 78kB
[9723 values with dtype=float64]
Coordinates:
    time     object 8B 0012-12-20 00:00:00
Dimensions without coordinates: n_face
1.0 0.0
	 UBOT
	 VBOT
	 PRECT
	 OMEGA500
	 PS

 0012-12-01 12:00:00 *h1i.0012-12-01-43200*
['/glade/campaign/univ/upsu0032/jpan_aquaptc/b.e23.BMOM.ne120np4_sx0.66av1.aqua.production.250417_ctrl/atm/hist/b.e23.BMOM.ne120np4_sx0.66av1.aqua.production.250417_ctrl.cam.h1i.0012-12-01-43200.nc']
[]
2011 82.292627 -32.969479
<xarray.UxDataArray 'TC_R4' (n_face: 9072)> Size: 73kB
[9072 values with dtype=float64]
Coordinates:
    time     object 8B 0012-12-01 12:00:00
Dimensions without coordinates: n_face
1.0 0.0
	 UBOT
	 VBOT
	 PRECT
	 OMEGA500
	 PS

 0012-06-30 12:00:00 *h1i.0012-06-30-43200*
['/glade/campaign/univ/upsu0032/jpan_aquaptc/b.e23.BMOM.ne120np4_sx0.66av1.aqua.production.250417_ctrl/atm/hist/b.e23.BMOM.ne120np4_sx0.66av1.aqua.production.250417_ctrl.cam.h1i.0012-06-30-43200.nc']
[]
1943 27.542733 -9.147203
<xarray.UxDataArray 'TC_R4' (n_face: 10175)> Size: 81kB
[10175 values with dtype=float64]
Coordinates:
    time     object 8B 0012-06-30 12:00:00
Dimensions without coordinates: n_face
1.0 0.0
	 UBOT
	 VBOT
	 PRECT
	 OMEGA500
	 PS

 0012-11-10 18:00:00 *h1i.0012-11-10-64800*
['/glade/campaign/univ/upsu0032/jpan_aquaptc/b.e23.BMOM.ne120np4_sx0.66av1.aqua.production.250417_ctrl/atm/hist/b.e23.BMOM.ne120np4_sx0.66av1.aqua.production.250417_ctrl.cam.h1i.0012-11-10-64800.nc']
[]
1997 260.792686 14.610333
<xarray.UxDataArray 'TC_R4' (n_face: 9181)> Size: 73kB
[9181 values with dtype=float64]
Coordinates:
    time     object 8B 0012-11-10 18:00:00
Dimensions without coordinates: n_face
1.0 0.0
	 UBOT
	 VBOT
	 PRECT
	 OMEGA500
	 PS

 0012-09-02 12:00:00 *h1i.0012-09-02-43200*
['/glade/campaign/univ/upsu0032/jpan_aquaptc/b.e23.BMOM.ne120np4_sx0.66av1.aqua.production.250417_ctrl/atm/hist/b.e23.BMOM.ne120np4_sx0.66av1.aqua.production.250417_ctrl.cam.h1i.0012-09-02-43200.nc']
[]
1974 43.083897 36.660598
<xarray.UxDataArray 'TC_R4' (n_face: 9158)> Size: 73kB
[9158 values with dtype=float64]
Coordinates:
    time     object 8B 0012-09-02 12:00:00
Dimensions without coordinates: n_face
1.0 0.0
	 UBOT
	 VBOT
	 PRECT
	 OMEGA500
	 PS

 0012-03-25 12:00:00 *h1i.0012-03-25-43200*
['/glade/campaign/univ/upsu0032/jpan_aquaptc/b.e23.BMOM.ne120np4_sx0.66av1.aqua.production.250417_ctrl/atm/hist/b.e23.BMOM.ne120np4_sx0.66av1.aqua.production.250417_ctrl.cam.h1i.0012-03-25-43200.nc']
[]
1881 35.25 -16.590176
<xarray.UxDataArray 'TC_R4' (n_face: 10634)> Size: 85kB
[10634 values with dtype=float64]
Coordinates:
    time     object 8B 0012-03-25 12:00:00
Dimensions without coordinates: n_face
1.0 0.0
	 UBOT
	 VBOT
	 PRECT
	 OMEGA500
	 PS

 0012-12-19 00:00:00 *h1i.0012-12-19-00000*
['/glade/campaign/univ/upsu0032/jpan_aquaptc/b.e23.BMOM.ne120np4_sx0.66av1.aqua.production.250417_ctrl/atm/hist/b.e23.BMOM.ne120np4_sx0.66av1.aqua.production.250417_ctrl.cam.h1i.0012-12-19-00000.nc']
[]
2027 188.792737 18.339462
<xarray.UxDataArray 'TC_R4' (n_face: 9164)> Size: 73kB
[9164 values with dtype=float64]
Coordinates:
    time     object 8B 0012-12-19 00:00:00
Dimensions without coordinates: n_face
1.0 0.0
	 UBOT
	 VBOT
	 PRECT
	 OMEGA500
	 PS

 0012-12-11 06:00:00 *h1i.0012-12-11-21600*
['/glade/campaign/univ/upsu0032/jpan_aquaptc/b.e23.BMOM.ne120np4_sx0.66av1.aqua.production.250417_ctrl/atm/hist/b.e23.BMOM.ne120np4_sx0.66av1.aqua.production.250417_ctrl.cam.h1i.0012-12-11-21600.nc']
[]
2024 40.5 14.905688
<xarray.UxDataArray 'TC_R4' (n_face: 11017)> Size: 88kB
[11017 values with dtype=float64]
Coordinates:
    time     object 8B 0012-12-11 06:00:00
Dimensions without coordinates: n_face
1.0 0.0
	 UBOT
	 VBOT
	 PRECT
	 OMEGA500
	 PS

 0012-09-05 18:00:00 *h1i.0012-09-05-64800*
['/glade/campaign/univ/upsu0032/jpan_aquaptc/b.e23.BMOM.ne120np4_sx0.66av1.aqua.production.250417_ctrl/atm/hist/b.e23.BMOM.ne120np4_sx0.66av1.aqua.production.250417_ctrl.cam.h1i.0012-09-05-64800.nc']
[]
1982 315.0 23.427837
<xarray.UxDataArray 'TC_R4' (n_face: 10486)> Size: 84kB
[10486 values with dtype=float64]
Coordinates:
    time     object 8B 0012-09-05 18:00:00
Dimensions without coordinates: n_face
1.0 0.0
	 UBOT
