nohup: ignoring input
['seed_success_rate.py', 'seed_stats/251229_seed_match_seed_events.csv', '/glade/u/home/jpan/aquaptc/tempest/MSEED_2yrs.csv', '0', '50'] 

Working on lag, range 6.0 2.0
	 0005-05-01 00:00:00
	 0005-07-01 00:00:00
	 0005-11-01 00:00:00
	 0005-12-01 00:00:00
	 0006-02-01 00:00:00
	 0006-03-01 00:00:00
	 0006-06-01 00:00:00
	 0006-08-01 00:00:00
	 0006-10-01 00:00:00
	 0006-12-01 00:00:00
	 0007-01-01 00:00:00
Working on lag, range 6.0 2.5
	 0005-05-01 00:00:00
	 0005-07-01 00:00:00
	 0005-11-01 00:00:00
	 0005-12-01 00:00:00
	 0006-02-01 00:00:00
	 0006-03-01 00:00:00
	 0006-06-01 00:00:00
	 0006-08-01 00:00:00
	 0006-10-01 00:00:00
	 0006-12-01 00:00:00
	 0007-01-01 00:00:00
Working on lag, range 6.0 3.0
	 0005-05-01 00:00:00
	 0005-07-01 00:00:00
	 0005-11-01 00:00:00
	 0005-12-01 00:00:00
	 0006-02-01 00:00:00
	 0006-03-01 00:00:00
	 0006-06-01 00:00:00
	 0006-08-01 00:00:00
	 0006-10-01 00:00:00
	 0006-12-01 00:00:00
	 0007-01-01 00:00:00
Working on lag, range 12.0 2.0
	 0005-05-01 00:00:00
	 0005-07-01 00:00:00
	 0005-11-01 00:00:00
	 0005-12-01 00:00:00
	 0006-02-01 00:00:00
	 0006-03-01 00:00:00
	 0006-06-01 00:00:00
	 0006-08-01 00:00:00
	 0006-10-01 00:00:00
	 0006-12-01 00:00:00
	 0007-01-01 00:00:00
Working on lag, range 12.0 2.5
	 0005-05-01 00:00:00
	 0005-07-01 00:00:00
	 0005-11-01 00:00:00
	 0005-12-01 00:00:00
	 0006-02-01 00:00:00
	 0006-03-01 00:00:00
	 0006-06-01 00:00:00
	 0006-08-01 00:00:00
	 0006-10-01 00:00:00
	 0006-12-01 00:00:00
	 0007-01-01 00:00:00
Working on lag, range 12.0 3.0
	 0005-05-01 00:00:00
	 0005-07-01 00:00:00
	 0005-11-01 00:00:00
	 0005-12-01 00:00:00
	 0006-02-01 00:00:00
	 0006-03-01 00:00:00
	 0006-06-01 00:00:00
	 0006-08-01 00:00:00
	 0006-10-01 00:00:00
	 0006-12-01 00:00:00
	 0007-01-01 00:00:00
[[0.30042918 0.3111588  0.31759657]
 [0.30257511 0.31330472 0.31974249]]


[[0. 0. 0.]
 [0. 0. 0.]]
