nohup: ignoring input
['seed_success_rate.py', 'seed_stats/250416_seed1x1_production_seed_events.csv', '/glade/u/home/jpan/aquaptc/tempest/250416_seed1x1.csv', '15', '20'] 

Working on lag, range 6.0 2.0
	 0005-03-01 00:00:00
	 0005-05-01 00:00:00
	 0005-09-01 00:00:00
	 0006-02-01 00:00:00
	 0006-03-01 00:00:00
	 0006-06-01 00:00:00
	 0006-08-01 00:00:00
	 0006-12-01 00:00:00
	 0007-12-01 00:00:00
	 0008-01-01 00:00:00
	 0008-05-01 00:00:00
	 0008-08-01 00:00:00
	 0009-04-01 00:00:00
	 0009-06-01 00:00:00
	 0009-09-01 00:00:00
	 0009-11-01 00:00:00
	 0010-01-01 00:00:00
	 0010-02-01 00:00:00
	 0010-05-01 00:00:00
	 0010-09-01 00:00:00
	 0010-11-01 00:00:00
	 0011-08-01 00:00:00
	 0011-09-01 00:00:00
	 0012-04-01 00:00:00
	 0012-05-01 00:00:00
	 0013-06-01 00:00:00
	 0013-12-01 00:00:00
	 0014-05-01 00:00:00
	 0014-06-01 00:00:00
	 0014-07-01 00:00:00
	 0014-08-01 00:00:00
	 0014-09-01 00:00:00
	 0014-10-01 00:00:00
	 0014-12-01 00:00:00
Working on lag, range 6.0 2.5
	 0005-03-01 00:00:00
	 0005-05-01 00:00:00
	 0005-09-01 00:00:00
	 0006-02-01 00:00:00
	 0006-03-01 00:00:00
	 0006-06-01 00:00:00
	 0006-08-01 00:00:00
	 0006-12-01 00:00:00
	 0007-12-01 00:00:00
	 0008-01-01 00:00:00
	 0008-05-01 00:00:00
	 0008-08-01 00:00:00
	 0009-04-01 00:00:00
	 0009-06-01 00:00:00
	 0009-09-01 00:00:00
	 0009-11-01 00:00:00
	 0010-01-01 00:00:00
	 0010-02-01 00:00:00
	 0010-05-01 00:00:00
	 0010-09-01 00:00:00
	 0010-11-01 00:00:00
	 0011-08-01 00:00:00
	 0011-09-01 00:00:00
	 0012-04-01 00:00:00
	 0012-05-01 00:00:00
	 0013-06-01 00:00:00
	 0013-12-01 00:00:00
	 0014-05-01 00:00:00
	 0014-06-01 00:00:00
	 0014-07-01 00:00:00
	 0014-08-01 00:00:00
	 0014-09-01 00:00:00
	 0014-10-01 00:00:00
	 0014-12-01 00:00:00
Working on lag, range 6.0 3.0
	 0005-03-01 00:00:00
	 0005-05-01 00:00:00
	 0005-09-01 00:00:00
	 0006-02-01 00:00:00
	 0006-03-01 00:00:00
	 0006-06-01 00:00:00
	 0006-08-01 00:00:00
	 0006-12-01 00:00:00
	 0007-12-01 00:00:00
	 0008-01-01 00:00:00
	 0008-05-01 00:00:00
	 0008-08-01 00:00:00
	 0009-04-01 00:00:00
	 0009-06-01 00:00:00
	 0009-09-01 00:00:00
	 0009-11-01 00:00:00
	 0010-01-01 00:00:00
	 0010-02-01 00:00:00
	 0010-05-01 00:00:00
	 0010-09-01 00:00:00
	 0010-11-01 00:00:00
	 0011-08-01 00:00:00
	 0011-09-01 00:00:00
	 0012-04-01 00:00:00
	 0012-05-01 00:00:00
	 0013-06-01 00:00:00
	 0013-12-01 00:00:00
	 0014-05-01 00:00:00
	 0014-06-01 00:00:00
	 0014-07-01 00:00:00
	 0014-08-01 00:00:00
	 0014-09-01 00:00:00
	 0014-10-01 00:00:00
	 0014-12-01 00:00:00
Working on lag, range 12.0 2.0
	 0005-03-01 00:00:00
	 0005-05-01 00:00:00
	 0005-09-01 00:00:00
	 0006-02-01 00:00:00
	 0006-03-01 00:00:00
	 0006-06-01 00:00:00
	 0006-08-01 00:00:00
	 0006-12-01 00:00:00
	 0007-12-01 00:00:00
	 0008-01-01 00:00:00
	 0008-05-01 00:00:00
	 0008-08-01 00:00:00
	 0009-04-01 00:00:00
	 0009-06-01 00:00:00
	 0009-09-01 00:00:00
	 0009-11-01 00:00:00
	 0010-01-01 00:00:00
	 0010-02-01 00:00:00
	 0010-05-01 00:00:00
	 0010-09-01 00:00:00
	 0010-11-01 00:00:00
	 0011-08-01 00:00:00
	 0011-09-01 00:00:00
	 0012-04-01 00:00:00
	 0012-05-01 00:00:00
	 0013-06-01 00:00:00
	 0013-12-01 00:00:00
	 0014-05-01 00:00:00
	 0014-06-01 00:00:00
	 0014-07-01 00:00:00
	 0014-08-01 00:00:00
	 0014-09-01 00:00:00
	 0014-10-01 00:00:00
	 0014-12-01 00:00:00
Working on lag, range 12.0 2.5
	 0005-03-01 00:00:00
	 0005-05-01 00:00:00
	 0005-09-01 00:00:00
	 0006-02-01 00:00:00
	 0006-03-01 00:00:00
	 0006-06-01 00:00:00
	 0006-08-01 00:00:00
	 0006-12-01 00:00:00
	 0007-12-01 00:00:00
	 0008-01-01 00:00:00
	 0008-05-01 00:00:00
	 0008-08-01 00:00:00
	 0009-04-01 00:00:00
	 0009-06-01 00:00:00
	 0009-09-01 00:00:00
	 0009-11-01 00:00:00
	 0010-01-01 00:00:00
	 0010-02-01 00:00:00
	 0010-05-01 00:00:00
	 0010-09-01 00:00:00
	 0010-11-01 00:00:00
	 0011-08-01 00:00:00
	 0011-09-01 00:00:00
	 0012-04-01 00:00:00
	 0012-05-01 00:00:00
	 0013-06-01 00:00:00
	 0013-12-01 00:00:00
	 0014-05-01 00:00:00
	 0014-06-01 00:00:00
	 0014-07-01 00:00:00
	 0014-08-01 00:00:00
	 0014-09-01 00:00:00
	 0014-10-01 00:00:00
	 0014-12-01 00:00:00
Working on lag, range 12.0 3.0
	 0005-03-01 00:00:00
	 0005-05-01 00:00:00
	 0005-09-01 00:00:00
	 0006-02-01 00:00:00
	 0006-03-01 00:00:00
	 0006-06-01 00:00:00
	 0006-08-01 00:00:00
	 0006-12-01 00:00:00
	 0007-12-01 00:00:00
	 0008-01-01 00:00:00
	 0008-05-01 00:00:00
	 0008-08-01 00:00:00
	 0009-04-01 00:00:00
	 0009-06-01 00:00:00
	 0009-09-01 00:00:00
	 0009-11-01 00:00:00
	 0010-01-01 00:00:00
	 0010-02-01 00:00:00
	 0010-05-01 00:00:00
	 0010-09-01 00:00:00
	 0010-11-01 00:00:00
	 0011-08-01 00:00:00
	 0011-09-01 00:00:00
	 0012-04-01 00:00:00
	 0012-05-01 00:00:00
	 0013-06-01 00:00:00
	 0013-12-01 00:00:00
	 0014-05-01 00:00:00
	 0014-06-01 00:00:00
	 0014-07-01 00:00:00
	 0014-08-01 00:00:00
	 0014-09-01 00:00:00
	 0014-10-01 00:00:00
	 0014-12-01 00:00:00
[[0.76029277 0.76486734 0.76486734]
 [0.76029277 0.76486734 0.76486734]]


[[0. 0. 0.]
 [0. 0. 0.]]
