nohup: ignoring input
/glade/u/apps/opt/pbstools/util/parse_opts: line 68: arg_dict[$arg_flag]: bad array subscript
Waiting on job launch; 5111960.casper-pbs with qsub arguments:
    qsub  -l select=1:ncpus=16:mem=128GB -A UCIS0005 -q casper@casper-pbs -l walltime=00:30:00

['streamf.py', '1']
Reading history files...
/glade/derecho/scratch/jpan/archive/b.e23.BMOM.ne120np4_sx0.66av1.aqua.production.250417_ctrl/atm/hist_regrid_0.25x0.25_onpres/*h0a*.nc
Computing Eulerian mean streamfunction...
None
Computing vT term...
Computing Eulerian mean streamfunction...
None
Computing vT term...
Plotting streamfunctions...
Saving to .nc...
Traceback (most recent call last):
File "/glade/u/home/jpan/aquaptc/bmom6_tcdiag/streamf.py", line 217, in <module>
if __name__ == '__main__':
^^^^^^
File "/glade/u/home/jpan/aquaptc/bmom6_tcdiag/streamf.py", line 123, in main
plt.savefig(os.path.join(OUTDIR, '%s_%s_TEMstreamf_diab.png' % (DIR1.split('/')[-4], DIR2.split('/')[-4] if DIFF else '')), bbox_inches='tight')
^^^^^^
NameError: name 'PSI_EM' is not defined
/glade/u/apps/opt/pbstools/util/parse_opts: line 68: arg_dict[$arg_flag]: bad array subscript
Waiting on job launch; 5112090.casper-pbs with qsub arguments:
    qsub  -l select=1:ncpus=16:mem=128GB -A UCIS0005 -q casper@casper-pbs -l walltime=00:30:00

/glade/u/apps/opt/pbstools/util/parse_opts: line 68: arg_dict[$arg_flag]: bad array subscript
Waiting on job launch; 5112092.casper-pbs with qsub arguments:
    qsub  -l select=1:ncpus=16:mem=128GB -A UCIS0005 -q casper@casper-pbs -l walltime=00:30:00

['streamf.py', '1']
Reading history files...
/glade/derecho/scratch/jpan/archive/b.e23.BMOM.ne120np4_sx0.66av1.aqua.production.250417_ctrl/atm/hist_regrid_0.25x0.25_onpres/*h0a*.nc
Computing Eulerian mean streamfunction...
None
Computing vT term...
Computing Eulerian mean streamfunction...
None
Computing vT term...
Saving to .nc...
Plotting streamfunctions...
Done.
['streamf.py', '1']
Reading history files...
/glade/derecho/scratch/jpan/archive/b.e23.BMOM.ne120np4_sx0.66av1.aqua.production.250417_ctrl/atm/hist_regrid_0.25x0.25_onpres/*h0a*.nc
Computing Eulerian mean streamfunction...
None
Computing vT term...
Computing Eulerian mean streamfunction...
None
Computing vT term...
Saving to .nc...
Plotting streamfunctions...
Done.
