nohup: ignoring input
/glade/u/apps/opt/pbstools/util/parse_opts: line 68: arg_dict[$arg_flag]: bad array subscript
Waiting on job launch; 3930786.casper-pbs with qsub arguments:
    qsub  -l select=1:ncpus=16:mem=256GB -A UCIS0005 -q casper@casper-pbs -l walltime=09:02:00

Opening datasets...
Skipping U...
Processing TAUGWY...
Computing means...
Plotting...
Skipping UU...
Processing PSL...
Computing means...
Plotting...
Processing FSNTOAC...
Computing means...
Plotting...
Skipping RELHUM...
Processing OCNFRAC...
Computing means...
Plotting...
Processing TGCLDCWP...
Computing means...
Plotting...
Processing PRECC...
Computing means...
Plotting...
Processing FLNSC...
Computing means...
Plotting...
Processing ICEFRAC...
Computing means...
Plotting...
Processing PSDRY...
Computing means...
Plotting...
Processing FSNS...
Computing means...
Plotting...
Skipping V...
Processing FLNTC...
Computing means...
Plotting...
Processing LWCF...
Computing means...
Plotting...
Skipping hyai...
Processing SWCF...
Computing means...
Plotting...
Processing QFLX...
Computing means...
Plotting...
Processing TGCLDIWP...
Computing means...
Plotting...
Skipping ICIMR...
Skipping DTV...
Skipping VD01...
Skipping time_bounds...
Skipping mdt...
Skipping CONCLD...
Skipping OMEGAT...
Skipping hybi...
Processing FLNS...
Computing means...
Plotting...
Processing FSNSC...
Computing means...
Plotting...
Processing FSDTOA...
Computing means...
Plotting...
Processing FLUT...
Computing means...
Plotting...
Processing PRECL...
Computing means...
Plotting...
Skipping QRL...
Processing PS...
Computing means...
Plotting...
Skipping time_written...
Skipping QRS...
Processing TSMN...
Computing means...
Plotting...
Processing SOLIN...
Computing means...
Plotting...
Processing TMQ...
Computing means...
Plotting...
Processing U10...
Computing means...
Plotting...
Skipping DCQ...
Skipping CLDLIQ...
Skipping nsbase...
Skipping AEROD_v...
Processing PRECT...
Computing means...
Plotting...
Skipping VT...
Processing PRECSC...
Computing means...
Plotting...
Processing LANDFRAC...
Computing means...
Plotting...
Skipping CLOUD...
Skipping EMIS...
Skipping OMEGAU...
Skipping date_written...
Processing CAPE...
Computing means...
Plotting...
Processing RESTOM...
Computing means...
Plotting...
Processing TS...
Computing means...
Plotting...
Skipping FICE...
Processing TSMX...
Computing means...
Plotting...
Processing TREFHT...
Computing means...
Plotting...
Processing CLDHGH...
Computing means...
Plotting...
Processing FLUS...
Computing means...
Plotting...
Processing SFCLDLIQ...
Computing means...
Plotting...
Skipping ICWMR...
Processing FSUTOA...
Computing means...
Plotting...
Skipping area...
Processing FSNTOA...
Computing means...
Plotting...
Processing TAUX...
Computing means...
Plotting...
Skipping OMEGA...
Skipping PMID...
Processing CLDTOT...
Computing means...
Plotting...
Processing PBLH...
Computing means...
Plotting...
Processing TGCLDLWP...
Computing means...
Plotting...
Processing FSDS...
Computing means...
Plotting...
Skipping lon...
Processing LHFLX...
Computing means...
Plotting...
Processing FLUTC...
Computing means...
Plotting...
Skipping Q...
Processing SNOWHLND...
Computing means...
Plotting...
Skipping datesec...
Skipping date...
Processing PALB...
Computing means...
Plotting...
/glade/u/home/jpan/miniconda3/envs/aquapux2512/lib/python3.11/site-packages/dask/_task_spec.py:741: RuntimeWarning: invalid value encountered in divide
return self.func(*new_argspec)
/glade/u/home/jpan/miniconda3/envs/aquapux2512/lib/python3.11/site-packages/dask/_task_spec.py:741: RuntimeWarning: invalid value encountered in divide
return self.func(*new_argspec)
/glade/u/home/jpan/miniconda3/envs/aquapux2512/lib/python3.11/site-packages/dask/_task_spec.py:741: RuntimeWarning: invalid value encountered in divide
return self.func(*new_argspec)
/glade/u/home/jpan/miniconda3/envs/aquapux2512/lib/python3.11/site-packages/dask/_task_spec.py:741: RuntimeWarning: invalid value encountered in divide
return self.func(*new_argspec)
/glade/u/home/jpan/miniconda3/envs/aquapux2512/lib/python3.11/site-packages/dask/_task_spec.py:741: RuntimeWarning: invalid value encountered in divide
return self.func(*new_argspec)
/glade/u/home/jpan/miniconda3/envs/aquapux2512/lib/python3.11/site-packages/dask/_task_spec.py:741: RuntimeWarning: invalid value encountered in divide
return self.func(*new_argspec)
Skipping ndbase...
Processing QREFHT...
Computing means...
Plotting...
Processing PRECSL...
Computing means...
Plotting...
Skipping lat...
Skipping nbsec...
Processing NCF...
Computing means...
Plotting...
Skipping hyam...
Processing FLDSC...
Computing means...
Plotting...
Processing TAUGWX...
Computing means...
Plotting...
Processing TAUY...
Computing means...
Plotting...
Skipping VV...
Skipping DTCOND...
Processing CLDLOW...
Computing means...
Plotting...
Processing CLDMED...
Computing means...
Plotting...
Processing FLNT...
Computing means...
Plotting...
Processing FSNTC...
Computing means...
Plotting...
Processing SFCLDICE...
Computing means...
Plotting...
Skipping VQ...
Processing SHFLX...
Computing means...
Plotting...
Processing LWAHU...
Computing means...
Plotting...
Processing SNOWHICE...
Computing means...
Plotting...
Skipping Z3...
Skipping VU...
Skipping T...
Skipping nbdate...
Processing SWAHU...
Computing means...
Plotting...
Skipping VZ...
Skipping CLDICE...
Processing FSDSC...
Computing means...
Plotting...
Skipping areawt...
Skipping hybm...
Processing FLDS...
Computing means...
Plotting...
Processing FSNT...
Computing means...
Plotting...
Saving to .nc...
/glade/u/home/jpan/miniconda3/envs/aquapux2512/lib/python3.11/site-packages/dask/_task_spec.py:741: RuntimeWarning: invalid value encountered in divide
return self.func(*new_argspec)
sznl_zm_ux_1.py done.
