nohup: ignoring input
/glade/u/apps/opt/pbstools/util/parse_opts: line 68: arg_dict[$arg_flag]: bad array subscript
Waiting on job launch; 552202.casper-pbs with qsub arguments:
    qsub  -l select=1:ncpus=16:mem=128GB -A UPSU0032 -q casper@casper-pbs -l walltime=00:40:00

<xarray.Dataset> Size: 392MB
Dimensions:    (time: 732, bnds: 2, lat: 720, plev: 26)
Coordinates:
* time       (time) object 6kB 0012-06-01 00:00:00 ... 0012-11-30 18:00:00
lon        float64 8B 0.0
* lat        (lat) float64 6kB -89.88 -89.62 -89.38 ... 89.38 89.62 89.88
* plev       (plev) float64 208B 354.5 738.9 1.397e+03 ... 9.706e+04 9.926e+04
Dimensions without coordinates: bnds
Data variables:
time_bnds  (time, bnds) object 12kB dask.array<chunksize=(1, 2), meta=np.ndarray>
FLUT       (time, lat) float32 2MB dask.array<chunksize=(1, 720), meta=np.ndarray>
Q          (time, plev, lat) float32 55MB dask.array<chunksize=(1, 1, 720), meta=np.ndarray>
SST        (time, lat) float32 2MB dask.array<chunksize=(1, 720), meta=np.ndarray>
T          (time, plev, lat) float32 55MB dask.array<chunksize=(1, 1, 720), meta=np.ndarray>
TMQ        (time, lat) float32 2MB dask.array<chunksize=(1, 720), meta=np.ndarray>
U          (time, plev, lat) float32 55MB dask.array<chunksize=(1, 1, 720), meta=np.ndarray>
V          (time, plev, lat) float32 55MB dask.array<chunksize=(1, 1, 720), meta=np.ndarray>
vIVT       (time, lat) float32 2MB dask.array<chunksize=(1, 720), meta=np.ndarray>
VQ         (time, plev, lat) float32 55MB dask.array<chunksize=(1, 1, 720), meta=np.ndarray>
VT         (time, plev, lat) float32 55MB dask.array<chunksize=(1, 1, 720), meta=np.ndarray>
VU         (time, plev, lat) float32 55MB dask.array<chunksize=(1, 1, 720), meta=np.ndarray>
Attributes: (12/21)
CDI:               Climate Data Interface version 2.4.4 (https://mpimet.m...
Conventions:       CF-1.0
source:            CAM
ne:                120
np:                4
case:              b.e23.BMOM.ne120np4_sx0.66av1.aqua.production.251010_c...
...                ...
remap_hostname:    casper-login2
remap_version:     5.3.1
title:             Regridded version of b.e23.BMOM.ne120np4_sx0.66av1.aqu...
map_file:          /glade/u/home/jpan/grids/map_ne120np4_to_0.25x0.25.nc
input_file:        hist_onpres//b.e23.BMOM.ne120np4_sx0.66av1.aqua.produc...
CDO:               Climate Data Operators version 2.4.4 (https://mpimet.m...
<xarray.Dataset> Size: 392MB
Dimensions:    (time: 732, bnds: 2, lat: 720, plev: 26)
Coordinates:
* time       (time) object 6kB 0012-06-01 00:00:00 ... 0012-11-30 18:00:00
lon        float64 8B 0.0
* lat        (lat) float64 6kB -89.88 -89.62 -89.38 ... 89.38 89.62 89.88
* plev       (plev) float64 208B 3.545 7.389 13.97 23.94 ... 929.6 970.6 992.6
Dimensions without coordinates: bnds
Data variables:
time_bnds  (time, bnds) object 12kB dask.array<chunksize=(1, 2), meta=np.ndarray>
FLUT       (time, lat) float32 2MB dask.array<chunksize=(1, 720), meta=np.ndarray>
Q          (time, plev, lat) float32 55MB dask.array<chunksize=(1, 26, 720), meta=np.ndarray>
SST        (time, lat) float32 2MB dask.array<chunksize=(1, 720), meta=np.ndarray>
T          (time, plev, lat) float32 55MB dask.array<chunksize=(1, 26, 720), meta=np.ndarray>
TMQ        (time, lat) float32 2MB dask.array<chunksize=(1, 720), meta=np.ndarray>
U          (time, plev, lat) float32 55MB dask.array<chunksize=(1, 26, 720), meta=np.ndarray>
V          (time, plev, lat) float32 55MB dask.array<chunksize=(1, 26, 720), meta=np.ndarray>
vIVT       (time, lat) float32 2MB dask.array<chunksize=(1, 720), meta=np.ndarray>
VQ         (time, plev, lat) float32 55MB dask.array<chunksize=(1, 26, 720), meta=np.ndarray>
VT         (time, plev, lat) float32 55MB dask.array<chunksize=(1, 26, 720), meta=np.ndarray>
VU         (time, plev, lat) float32 55MB dask.array<chunksize=(1, 26, 720), meta=np.ndarray>
Attributes: (12/21)
CDI:               Climate Data Interface version 2.4.4 (https://mpimet.m...
Conventions:       CF-1.0
source:            CAM
ne:                120
np:                4
case:              b.e23.BMOM.ne120np4_sx0.66av1.aqua.production.251010_c...
...                ...
remap_hostname:    casper-login2
remap_version:     5.3.1
title:             Regridded version of b.e23.BMOM.ne120np4_sx0.66av1.aqu...
map_file:          /glade/u/home/jpan/grids/map_ne120np4_to_0.25x0.25.nc
input_file:        hist_onpres//b.e23.BMOM.ne120np4_sx0.66av1.aqua.produc...
CDO:               Climate Data Operators version 2.4.4 (https://mpimet.m...
EPfac <xarray.DataArray ()> Size: 8B
array(9208620.74284725)
Coordinates:
lon      float64 8B 0.0
Computing EHF and EMF using Reynolds decomp...
Computing vT velocity streamfunc...
EPphi, EMF term...
EPphi, uw adv...
EPpz, EHF term...
EPpz, uv adv...
Computing divergences...
<xarray.Dataset> Size: 877MB
Dimensions:    (plev: 26, lat: 720, time: 732)
Coordinates:
lon        float64 8B 0.0
* plev       (plev) float64 208B 3.545 7.389 13.97 23.94 ... 929.6 970.6 992.6
* lat        (lat) float64 6kB -89.88 -89.62 -89.38 ... 89.38 89.62 89.88
* time       (time) object 6kB 0012-06-01 00:00:00 ... 0012-11-30 18:00:00
zs         (plev) float64 208B 3.95e+04 3.435e+04 2.99e+04 ... 209.2 52.3
Data variables:
EPy_EMF    (plev, lat, time) float64 110MB dask.array<chunksize=(26, 720, 1), meta=np.ndarray>
EPy_adv    (plev, lat, time) float64 110MB dask.array<chunksize=(26, 720, 1), meta=np.ndarray>
EPz_EHF    (plev, lat, time) float64 110MB dask.array<chunksize=(26, 720, 1), meta=np.ndarray>
EPz_adv    (plev, lat, time) float64 110MB dask.array<chunksize=(26, 720, 1), meta=np.ndarray>
EPy_EMF_d  (plev, lat, time) float64 110MB dask.array<chunksize=(26, 720, 1), meta=np.ndarray>
EPy_adv_d  (plev, lat, time) float64 110MB dask.array<chunksize=(26, 720, 1), meta=np.ndarray>
EPz_EHF_d  (plev, lat, time) float64 110MB dask.array<chunksize=(26, 720, 1), meta=np.ndarray>
EPz_adv_d  (plev, lat, time) float64 110MB dask.array<chunksize=(26, 720, 1), meta=np.ndarray>
