nohup: ignoring input
/glade/u/apps/opt/pbstools/util/parse_opts: line 68: arg_dict[$arg_flag]: bad array subscript
Waiting on job launch; 5810132.desched1 with qsub arguments:
    qsub  -l select=1:ncpus=16:mem=128GB -A UPSU0032 -q develop@desched1 -l walltime=02:51:00

Opening dataset...
Setting up coords...
Deriving 2D quantities...
Vertically integrating 3D fields...
Area averaging...
<class 'uxarray.core.dataarray.UxDataArray'>
<class 'uxarray.core.dataarray.UxDataArray'>
<class 'uxarray.core.dataarray.UxDataArray'>
<class 'uxarray.core.dataarray.UxDataArray'>
<class 'uxarray.core.dataarray.UxDataArray'>
<class 'uxarray.core.dataarray.UxDataArray'>
<class 'uxarray.core.dataarray.UxDataArray'>
<class 'uxarray.core.dataarray.UxDataArray'>
<class 'uxarray.core.dataarray.UxDataArray'>
<class 'uxarray.core.dataarray.UxDataArray'>
<class 'uxarray.core.dataarray.UxDataArray'>
<class 'uxarray.core.dataarray.UxDataArray'>
<class 'uxarray.core.dataarray.UxDataArray'>
<class 'uxarray.core.dataarray.UxDataArray'>
<class 'uxarray.core.dataarray.UxDataArray'>
<class 'uxarray.core.dataarray.UxDataArray'>
<class 'uxarray.core.dataarray.UxDataArray'>
<class 'uxarray.core.dataarray.UxDataArray'>
<class 'uxarray.core.dataarray.UxDataArray'>
<class 'uxarray.core.dataarray.UxDataArray'>
<class 'uxarray.core.dataarray.UxDataArray'>
<class 'uxarray.core.dataarray.UxDataArray'>
Saving output...
/glade/u/home/jpan/aquaptc/bmom6_tcdiag/paper1_post/glob_rgnl_avg.py done.
